<?xml version="1.0" encoding="UTF-8"?>
<robot generator="Robot 3.2.2 (Python 3.7.4 on win32)" generated="20201227 09:32:43.544" rpa="false">
<suite id="s1" name="Tests" source="C:\Users\Anand.INFRRDAD\PycharmProjects\SWAGLABS-Automation\Auto-Scripts\Tests">
<suite id="s1-s1" name="PurchaseTest" source="C:\Users\Anand.INFRRDAD\PycharmProjects\SWAGLABS-Automation\Auto-Scripts\Tests\PurchaseTest.robot">
<test id="s1-s1-t1" name="TC-4 verify user can purchase product">
<kw name="Navigate To LoginScreen" type="setup">
<msg timestamp="20201227 09:32:43.602" level="FAIL">No keyword with name 'Navigate To LoginScreen' found.</msg>
<status status="FAIL" starttime="20201227 09:32:43.602" endtime="20201227 09:32:43.603"></status>
</kw>
<kw name="CLOSE ALL BROWSERS" type="teardown">
<msg timestamp="20201227 09:32:43.606" level="FAIL">No keyword with name 'CLOSE ALL BROWSERS' found.</msg>
<status status="FAIL" starttime="20201227 09:32:43.606" endtime="20201227 09:32:43.606">No keyword with name 'CLOSE ALL BROWSERS' found.</status>
</kw>
<tags>
<tag>REG</tag>
<tag>SANITY</tag>
</tags>
<status status="FAIL" starttime="20201227 09:32:43.598" endtime="20201227 09:32:43.606" critical="yes">Setup failed:
No keyword with name 'Navigate To LoginScreen' found.

Also teardown failed:
No keyword with name 'CLOSE ALL BROWSERS' found.</status>
</test>
<status status="FAIL" starttime="20201227 09:32:43.591" endtime="20201227 09:32:43.607"></status>
</suite>
<status status="FAIL" starttime="20201227 09:32:43.547" endtime="20201227 09:32:43.609"></status>
</suite>
<statistics>
<total>
<stat pass="0" fail="1">Critical Tests</stat>
<stat pass="0" fail="1">All Tests</stat>
</total>
<tag>
<stat pass="0" fail="1">REG</stat>
<stat pass="0" fail="1">SANITY</stat>
</tag>
<suite>
<stat pass="0" fail="1" id="s1" name="Tests">Tests</stat>
<stat pass="0" fail="1" id="s1-s1" name="PurchaseTest">Tests.PurchaseTest</stat>
</suite>
</statistics>
<errors>
<msg timestamp="20201227 09:32:43.597" level="ERROR">Error in file 'C:\Users\Anand.INFRRDAD\PycharmProjects\SWAGLABS-Automation\Auto-Scripts\Tests\PurchaseTest.robot' on line 2: Resource file '..\Auto-Keywords\Assets\RobotImports\Import_Global.robot' does not exist.</msg>
</errors>
</robot>
