<?xml version="1.0" encoding="UTF-8"?>
<robot generator="Robot 3.2.2 (Python 3.7.4 on win32)" generated="20201227 09:08:06.052" rpa="false">
<suite id="s1" name="Tests" source="C:\Users\Anand.INFRRDAD\PycharmProjects\SWAGLABS-Automation\Auto-Scripts\Tests">
<suite id="s1-s1" name="LoginTest" source="C:\Users\Anand.INFRRDAD\PycharmProjects\SWAGLABS-Automation\Auto-Scripts\Tests\LoginTest.robot">
<kw name="Navigate To LoginScreen" library="LoginPage" type="setup">
<kw name="Open Browser [CUSTOM]" library="Common">
<doc>Launch Browser</doc>
<kw name="Log To Console" library="BuiltIn">
<doc>Logs the given message to the console.</doc>
<arguments>
<arg>launching browser ${Browser}</arg>
</arguments>
<status status="PASS" starttime="20201227 09:08:06.544" endtime="20201227 09:08:06.544"></status>
</kw>
<kw name="Run Keyword If" library="BuiltIn">
<doc>Runs the given keyword with the given arguments, if ``condition`` is true.</doc>
<arguments>
<arg>'${Browser}' == 'chrome'</arg>
<arg>RUN KEYWORD</arg>
<arg>Open Chrome</arg>
<arg>${URL}</arg>
<arg>ELSE IF</arg>
<arg>'${Browser}' == 'firefox'</arg>
<arg>Open Firefox</arg>
<arg>${URL}</arg>
</arguments>
<kw name="Run Keyword" library="BuiltIn">
<doc>Executes the given keyword with the given arguments.</doc>
<arguments>
<arg>Open Chrome</arg>
<arg>${URL}</arg>
</arguments>
<kw name="Open Chrome" library="Common">
<doc>Launch chrome</doc>
<arguments>
<arg>${URL}</arg>
</arguments>
<kw name="Evaluate" library="BuiltIn">
<doc>Evaluates the given expression in Python and returns the result.</doc>
<arguments>
<arg>sys.modules['selenium.webdriver'].ChromeOptions()</arg>
<arg>sys, selenium.webdriver</arg>
</arguments>
<assign>
<var>${options}</var>
</assign>
<msg timestamp="20201227 09:08:06.548" level="INFO">${options} = &lt;selenium.webdriver.chrome.options.Options object at 0x000001DC6AC78AC8&gt;</msg>
<status status="PASS" starttime="20201227 09:08:06.548" endtime="20201227 09:08:06.549"></status>
</kw>
<kw name="Call Method" library="BuiltIn">
<doc>Calls the named method of the given object with the provided arguments.</doc>
<arguments>
<arg>${options}</arg>
<arg>add_argument</arg>
<arg>disable-infobars</arg>
</arguments>
<status status="PASS" starttime="20201227 09:08:06.549" endtime="20201227 09:08:06.550"></status>
</kw>
<kw name="Open Browser" library="SeleniumLibrary">
<doc>Opens a new browser instance to the optional ``url``.</doc>
<arguments>
<arg>${URL}</arg>
<arg>chrome</arg>
</arguments>
<msg timestamp="20201227 09:08:06.550" level="INFO">Opening browser 'chrome' to base url 'https://www.saucedemo.com/index.html'.</msg>
<status status="PASS" starttime="20201227 09:08:06.550" endtime="20201227 09:08:10.865"></status>
</kw>
<status status="PASS" starttime="20201227 09:08:06.546" endtime="20201227 09:08:10.865"></status>
</kw>
<status status="PASS" starttime="20201227 09:08:06.546" endtime="20201227 09:08:10.865"></status>
</kw>
<status status="PASS" starttime="20201227 09:08:06.545" endtime="20201227 09:08:10.866"></status>
</kw>
<kw name="Maximize Browser Window" library="SeleniumLibrary">
<doc>Maximizes current browser window.</doc>
<status status="PASS" starttime="20201227 09:08:10.866" endtime="20201227 09:08:12.090"></status>
</kw>
<status status="PASS" starttime="20201227 09:08:06.543" endtime="20201227 09:08:12.090"></status>
</kw>
<status status="PASS" starttime="20201227 09:08:06.542" endtime="20201227 09:08:12.090"></status>
</kw>
<test id="s1-s1-t1" name="TC-1: verify User can Login">
<kw name="Enter valid user credentials" library="LoginPage">
<kw name="Enter Text [Custom]" library="Common">
<arguments>
<arg>${UsernameTextbox}</arg>
<arg>${USERNAME}</arg>
</arguments>
<kw name="Clear Element Text" library="SeleniumLibrary">
<doc>Clears the value of the text-input-element identified by ``locator``.</doc>
<arguments>
<arg>${element}</arg>
</arguments>
<status status="PASS" starttime="20201227 09:08:12.093" endtime="20201227 09:08:12.151"></status>
</kw>
<kw name="Input Text" library="SeleniumLibrary">
<doc>Types the given ``text`` into the text field identified by ``locator``.</doc>
<arguments>
<arg>${element}</arg>
<arg>${text}</arg>
</arguments>
<msg timestamp="20201227 09:08:12.152" level="INFO">Typing text 'standard_user' into text field 'id:user-name'.</msg>
<status status="PASS" starttime="20201227 09:08:12.152" endtime="20201227 09:08:12.306"></status>
</kw>
<status status="PASS" starttime="20201227 09:08:12.092" endtime="20201227 09:08:12.306"></status>
</kw>
<kw name="Log To Console" library="BuiltIn">
<doc>Logs the given message to the console.</doc>
<arguments>
<arg>user name was entered</arg>
</arguments>
<status status="PASS" starttime="20201227 09:08:12.307" endtime="20201227 09:08:12.307"></status>
</kw>
<kw name="Enter Text [Custom]" library="Common">
<arguments>
<arg>${PasswordTextBox}</arg>
<arg>${PASSWORD}</arg>
</arguments>
<kw name="Clear Element Text" library="SeleniumLibrary">
<doc>Clears the value of the text-input-element identified by ``locator``.</doc>
<arguments>
<arg>${element}</arg>
</arguments>
<status status="PASS" starttime="20201227 09:08:12.308" endtime="20201227 09:08:12.360"></status>
</kw>
<kw name="Input Text" library="SeleniumLibrary">
<doc>Types the given ``text`` into the text field identified by ``locator``.</doc>
<arguments>
<arg>${element}</arg>
<arg>${text}</arg>
</arguments>
<msg timestamp="20201227 09:08:12.361" level="INFO">Typing text 'secret_sauce' into text field 'id:password'.</msg>
<status status="PASS" starttime="20201227 09:08:12.360" endtime="20201227 09:08:12.487"></status>
</kw>
<status status="PASS" starttime="20201227 09:08:12.307" endtime="20201227 09:08:12.487"></status>
</kw>
<kw name="Log To Console" library="BuiltIn">
<doc>Logs the given message to the console.</doc>
<arguments>
<arg>password was entered</arg>
</arguments>
<status status="PASS" starttime="20201227 09:08:12.488" endtime="20201227 09:08:12.488"></status>
</kw>
<status status="PASS" starttime="20201227 09:08:12.092" endtime="20201227 09:08:12.489"></status>
</kw>
<kw name="Login To Website" library="LoginPage">
<kw name="Log To Console" library="BuiltIn">
<doc>Logs the given message to the console.</doc>
<arguments>
<arg>loging in</arg>
</arguments>
<status status="PASS" starttime="20201227 09:08:12.489" endtime="20201227 09:08:12.490"></status>
</kw>
<kw name="Click Element" library="SeleniumLibrary">
<doc>Click the element identified by ``locator``.</doc>
<arguments>
<arg>${LoginButton}</arg>
</arguments>
<msg timestamp="20201227 09:08:12.490" level="INFO">Clicking element 'id:login-button'.</msg>
<status status="PASS" starttime="20201227 09:08:12.490" endtime="20201227 09:08:19.479"></status>
</kw>
<kw name="Verify Product Page is Loaded" library="ProductPage">
<kw name="Wait Until Element Is Visible" library="SeleniumLibrary">
<doc>Waits until the element ``locator`` is visible.</doc>
<arguments>
<arg>${productText}</arg>
</arguments>
<status status="PASS" starttime="20201227 09:08:19.480" endtime="20201227 09:08:19.529"></status>
</kw>
<kw name="Page Should Contain Element" library="SeleniumLibrary">
<doc>Verifies that element ``locator`` is found on the current page.</doc>
<arguments>
<arg>${SortList}</arg>
</arguments>
<msg timestamp="20201227 09:08:19.545" level="INFO">Current page contains element '//div[@id='inventory_filter_container']/select'.</msg>
<status status="PASS" starttime="20201227 09:08:19.529" endtime="20201227 09:08:19.545"></status>
</kw>
<status status="PASS" starttime="20201227 09:08:19.479" endtime="20201227 09:08:19.546"></status>
</kw>
<kw name="Log To Console" library="BuiltIn">
<doc>Logs the given message to the console.</doc>
<arguments>
<arg>successfully logged in</arg>
</arguments>
<status status="PASS" starttime="20201227 09:08:19.546" endtime="20201227 09:08:19.546"></status>
</kw>
<status status="PASS" starttime="20201227 09:08:12.489" endtime="20201227 09:08:19.547"></status>
</kw>
<tags>
<tag>REG</tag>
<tag>SANITY</tag>
</tags>
<status status="PASS" starttime="20201227 09:08:12.091" endtime="20201227 09:08:19.547" critical="yes"></status>
</test>
<test id="s1-s1-t2" name="TC-2 verify user can logout">
<kw name="Depends On Test" library="DependencyLibrary">
<arguments>
<arg>TC-1: verify User can Login</arg>
</arguments>
<status status="PASS" starttime="20201227 09:08:19.550" endtime="20201227 09:08:19.550"></status>
</kw>
<kw name="Open Menu and click logout" library="ProductPage">
<kw name="Click Element" library="SeleniumLibrary">
<doc>Click the element identified by ``locator``.</doc>
<arguments>
<arg>${MenuButton}</arg>
</arguments>
<msg timestamp="20201227 09:08:19.552" level="INFO">Clicking element '//button[text()='Open Menu']'.</msg>
<status status="PASS" starttime="20201227 09:08:19.551" endtime="20201227 09:08:19.630"></status>
</kw>
<kw name="Log To Console" library="BuiltIn">
<doc>Logs the given message to the console.</doc>
<arguments>
<arg>menu opened</arg>
</arguments>
<status status="PASS" starttime="20201227 09:08:19.631" endtime="20201227 09:08:19.631"></status>
</kw>
<kw name="Wait Until Element Is Visible" library="SeleniumLibrary">
<doc>Waits until the element ``locator`` is visible.</doc>
<arguments>
<arg>${LogoutLink}</arg>
</arguments>
<status status="PASS" starttime="20201227 09:08:19.631" endtime="20201227 09:08:19.684"></status>
</kw>
<kw name="Click Element" library="SeleniumLibrary">
<doc>Click the element identified by ``locator``.</doc>
<arguments>
<arg>${LogoutLink}</arg>
</arguments>
<msg timestamp="20201227 09:08:19.685" level="INFO">Clicking element 'id:logout_sidebar_link'.</msg>
<status status="PASS" starttime="20201227 09:08:19.685" endtime="20201227 09:08:19.870"></status>
</kw>
<kw name="Verify Login page is loaded" library="LoginPage">
<kw name="Wait Until Element Is Visible" library="SeleniumLibrary">
<doc>Waits until the element ``locator`` is visible.</doc>
<arguments>
<arg>${LoginLogo}</arg>
</arguments>
<status status="PASS" starttime="20201227 09:08:19.871" endtime="20201227 09:08:19.921"></status>
</kw>
<kw name="Page Should Contain Element" library="SeleniumLibrary">
<doc>Verifies that element ``locator`` is found on the current page.</doc>
<arguments>
<arg>${LoginWrapper}</arg>
</arguments>
<msg timestamp="20201227 09:08:19.939" level="INFO">Current page contains element '//div[@class='login_wrapper']'.</msg>
<status status="PASS" starttime="20201227 09:08:19.921" endtime="20201227 09:08:19.939"></status>
</kw>
<kw name="Log To Console" library="BuiltIn">
<doc>Logs the given message to the console.</doc>
<arguments>
<arg>login page was loaded</arg>
</arguments>
<status status="PASS" starttime="20201227 09:08:19.940" endtime="20201227 09:08:19.940"></status>
</kw>
<status status="PASS" starttime="20201227 09:08:19.870" endtime="20201227 09:08:19.941"></status>
</kw>
<kw name="Log To Console" library="BuiltIn">
<doc>Logs the given message to the console.</doc>
<arguments>
<arg>user successfully logged out</arg>
</arguments>
<status status="PASS" starttime="20201227 09:08:19.941" endtime="20201227 09:08:19.941"></status>
</kw>
<status status="PASS" starttime="20201227 09:08:19.551" endtime="20201227 09:08:19.942"></status>
</kw>
<kw name="Verify Login page is loaded" library="LoginPage">
<kw name="Wait Until Element Is Visible" library="SeleniumLibrary">
<doc>Waits until the element ``locator`` is visible.</doc>
<arguments>
<arg>${LoginLogo}</arg>
</arguments>
<status status="PASS" starttime="20201227 09:08:19.943" endtime="20201227 09:08:19.965"></status>
</kw>
<kw name="Page Should Contain Element" library="SeleniumLibrary">
<doc>Verifies that element ``locator`` is found on the current page.</doc>
<arguments>
<arg>${LoginWrapper}</arg>
</arguments>
<msg timestamp="20201227 09:08:19.977" level="INFO">Current page contains element '//div[@class='login_wrapper']'.</msg>
<status status="PASS" starttime="20201227 09:08:19.965" endtime="20201227 09:08:19.978"></status>
</kw>
<kw name="Log To Console" library="BuiltIn">
<doc>Logs the given message to the console.</doc>
<arguments>
<arg>login page was loaded</arg>
</arguments>
<status status="PASS" starttime="20201227 09:08:19.978" endtime="20201227 09:08:19.978"></status>
</kw>
<status status="PASS" starttime="20201227 09:08:19.942" endtime="20201227 09:08:19.979"></status>
</kw>
<tags>
<tag>REG</tag>
<tag>SANITY</tag>
</tags>
<status status="PASS" starttime="20201227 09:08:19.549" endtime="20201227 09:08:19.979" critical="yes"></status>
</test>
<kw name="Close All Browsers" library="SeleniumLibrary" type="teardown">
<doc>Closes all open browsers and resets the browser cache.</doc>
<status status="PASS" starttime="20201227 09:08:19.980" endtime="20201227 09:08:22.607"></status>
</kw>
<status status="PASS" starttime="20201227 09:08:06.098" endtime="20201227 09:08:22.607"></status>
</suite>
<status status="PASS" starttime="20201227 09:08:06.056" endtime="20201227 09:08:22.610"></status>
</suite>
<statistics>
<total>
<stat pass="2" fail="0">Critical Tests</stat>
<stat pass="2" fail="0">All Tests</stat>
</total>
<tag>
<stat pass="2" fail="0">REG</stat>
<stat pass="2" fail="0">SANITY</stat>
</tag>
<suite>
<stat pass="2" fail="0" id="s1" name="Tests">Tests</stat>
<stat pass="2" fail="0" id="s1-s1" name="LoginTest">Tests.LoginTest</stat>
</suite>
</statistics>
<errors>
</errors>
</robot>
