<?xml version="1.0" encoding="UTF-8"?>
<robot generator="Robot 3.2.2 (Python 3.7.4 on win32)" generated="20201227 09:08:06.055" rpa="false">
<suite id="s1" name="Tests" source="C:\Users\Anand.INFRRDAD\PycharmProjects\SWAGLABS-Automation\Auto-Scripts\Tests">
<suite id="s1-s1" name="PurchaseTest" source="C:\Users\Anand.INFRRDAD\PycharmProjects\SWAGLABS-Automation\Auto-Scripts\Tests\PurchaseTest.robot">
<test id="s1-s1-t1" name="TC-4 verify user can purchase product">
<kw name="Navigate To LoginScreen" library="LoginPage" type="setup">
<kw name="Open Browser [CUSTOM]" library="Common">
<doc>Launch Browser</doc>
<kw name="Log To Console" library="BuiltIn">
<doc>Logs the given message to the console.</doc>
<arguments>
<arg>launching browser ${Browser}</arg>
</arguments>
<status status="PASS" starttime="20201227 09:08:06.546" endtime="20201227 09:08:06.546"></status>
</kw>
<kw name="Run Keyword If" library="BuiltIn">
<doc>Runs the given keyword with the given arguments, if ``condition`` is true.</doc>
<arguments>
<arg>'${Browser}' == 'chrome'</arg>
<arg>RUN KEYWORD</arg>
<arg>Open Chrome</arg>
<arg>${URL}</arg>
<arg>ELSE IF</arg>
<arg>'${Browser}' == 'firefox'</arg>
<arg>Open Firefox</arg>
<arg>${URL}</arg>
</arguments>
<kw name="Run Keyword" library="BuiltIn">
<doc>Executes the given keyword with the given arguments.</doc>
<arguments>
<arg>Open Chrome</arg>
<arg>${URL}</arg>
</arguments>
<kw name="Open Chrome" library="Common">
<doc>Launch chrome</doc>
<arguments>
<arg>${URL}</arg>
</arguments>
<kw name="Evaluate" library="BuiltIn">
<doc>Evaluates the given expression in Python and returns the result.</doc>
<arguments>
<arg>sys.modules['selenium.webdriver'].ChromeOptions()</arg>
<arg>sys, selenium.webdriver</arg>
</arguments>
<assign>
<var>${options}</var>
</assign>
<msg timestamp="20201227 09:08:06.550" level="INFO">${options} = &lt;selenium.webdriver.chrome.options.Options object at 0x000001AE73B5C4C8&gt;</msg>
<status status="PASS" starttime="20201227 09:08:06.550" endtime="20201227 09:08:06.551"></status>
</kw>
<kw name="Call Method" library="BuiltIn">
<doc>Calls the named method of the given object with the provided arguments.</doc>
<arguments>
<arg>${options}</arg>
<arg>add_argument</arg>
<arg>disable-infobars</arg>
</arguments>
<status status="PASS" starttime="20201227 09:08:06.551" endtime="20201227 09:08:06.551"></status>
</kw>
<kw name="Open Browser" library="SeleniumLibrary">
<doc>Opens a new browser instance to the optional ``url``.</doc>
<arguments>
<arg>${URL}</arg>
<arg>chrome</arg>
</arguments>
<msg timestamp="20201227 09:08:06.552" level="INFO">Opening browser 'chrome' to base url 'https://www.saucedemo.com/index.html'.</msg>
<status status="PASS" starttime="20201227 09:08:06.551" endtime="20201227 09:08:10.863"></status>
</kw>
<status status="PASS" starttime="20201227 09:08:06.549" endtime="20201227 09:08:10.864"></status>
</kw>
<status status="PASS" starttime="20201227 09:08:06.548" endtime="20201227 09:08:10.864"></status>
</kw>
<status status="PASS" starttime="20201227 09:08:06.547" endtime="20201227 09:08:10.864"></status>
</kw>
<kw name="Maximize Browser Window" library="SeleniumLibrary">
<doc>Maximizes current browser window.</doc>
<status status="PASS" starttime="20201227 09:08:10.864" endtime="20201227 09:08:12.032"></status>
</kw>
<status status="PASS" starttime="20201227 09:08:06.545" endtime="20201227 09:08:12.032"></status>
</kw>
<status status="PASS" starttime="20201227 09:08:06.544" endtime="20201227 09:08:12.033"></status>
</kw>
<kw name="Enter valid user credentials" library="LoginPage">
<kw name="Enter Text [Custom]" library="Common">
<arguments>
<arg>${UsernameTextbox}</arg>
<arg>${USERNAME}</arg>
</arguments>
<kw name="Clear Element Text" library="SeleniumLibrary">
<doc>Clears the value of the text-input-element identified by ``locator``.</doc>
<arguments>
<arg>${element}</arg>
</arguments>
<status status="PASS" starttime="20201227 09:08:12.034" endtime="20201227 09:08:12.087"></status>
</kw>
<kw name="Input Text" library="SeleniumLibrary">
<doc>Types the given ``text`` into the text field identified by ``locator``.</doc>
<arguments>
<arg>${element}</arg>
<arg>${text}</arg>
</arguments>
<msg timestamp="20201227 09:08:12.088" level="INFO">Typing text 'standard_user' into text field 'id:user-name'.</msg>
<status status="PASS" starttime="20201227 09:08:12.088" endtime="20201227 09:08:12.220"></status>
</kw>
<status status="PASS" starttime="20201227 09:08:12.033" endtime="20201227 09:08:12.221"></status>
</kw>
<kw name="Log To Console" library="BuiltIn">
<doc>Logs the given message to the console.</doc>
<arguments>
<arg>user name was entered</arg>
</arguments>
<status status="PASS" starttime="20201227 09:08:12.221" endtime="20201227 09:08:12.222"></status>
</kw>
<kw name="Enter Text [Custom]" library="Common">
<arguments>
<arg>${PasswordTextBox}</arg>
<arg>${PASSWORD}</arg>
</arguments>
<kw name="Clear Element Text" library="SeleniumLibrary">
<doc>Clears the value of the text-input-element identified by ``locator``.</doc>
<arguments>
<arg>${element}</arg>
</arguments>
<status status="PASS" starttime="20201227 09:08:12.223" endtime="20201227 09:08:12.300"></status>
</kw>
<kw name="Input Text" library="SeleniumLibrary">
<doc>Types the given ``text`` into the text field identified by ``locator``.</doc>
<arguments>
<arg>${element}</arg>
<arg>${text}</arg>
</arguments>
<msg timestamp="20201227 09:08:12.301" level="INFO">Typing text 'secret_sauce' into text field 'id:password'.</msg>
<status status="PASS" starttime="20201227 09:08:12.300" endtime="20201227 09:08:12.418"></status>
</kw>
<status status="PASS" starttime="20201227 09:08:12.222" endtime="20201227 09:08:12.418"></status>
</kw>
<kw name="Log To Console" library="BuiltIn">
<doc>Logs the given message to the console.</doc>
<arguments>
<arg>password was entered</arg>
</arguments>
<status status="PASS" starttime="20201227 09:08:12.418" endtime="20201227 09:08:12.419"></status>
</kw>
<status status="PASS" starttime="20201227 09:08:12.033" endtime="20201227 09:08:12.419"></status>
</kw>
<kw name="Login To Website" library="LoginPage">
<kw name="Log To Console" library="BuiltIn">
<doc>Logs the given message to the console.</doc>
<arguments>
<arg>loging in</arg>
</arguments>
<status status="PASS" starttime="20201227 09:08:12.420" endtime="20201227 09:08:12.421"></status>
</kw>
<kw name="Click Element" library="SeleniumLibrary">
<doc>Click the element identified by ``locator``.</doc>
<arguments>
<arg>${LoginButton}</arg>
</arguments>
<msg timestamp="20201227 09:08:12.422" level="INFO">Clicking element 'id:login-button'.</msg>
<status status="PASS" starttime="20201227 09:08:12.421" endtime="20201227 09:08:19.187"></status>
</kw>
<kw name="Verify Product Page is Loaded" library="ProductPage">
<kw name="Wait Until Element Is Visible" library="SeleniumLibrary">
<doc>Waits until the element ``locator`` is visible.</doc>
<arguments>
<arg>${productText}</arg>
</arguments>
<status status="PASS" starttime="20201227 09:08:19.189" endtime="20201227 09:08:19.241"></status>
</kw>
<kw name="Page Should Contain Element" library="SeleniumLibrary">
<doc>Verifies that element ``locator`` is found on the current page.</doc>
<arguments>
<arg>${SortList}</arg>
</arguments>
<msg timestamp="20201227 09:08:19.258" level="INFO">Current page contains element '//div[@id='inventory_filter_container']/select'.</msg>
<status status="PASS" starttime="20201227 09:08:19.242" endtime="20201227 09:08:19.258"></status>
</kw>
<status status="PASS" starttime="20201227 09:08:19.188" endtime="20201227 09:08:19.258"></status>
</kw>
<kw name="Log To Console" library="BuiltIn">
<doc>Logs the given message to the console.</doc>
<arguments>
<arg>successfully logged in</arg>
</arguments>
<status status="PASS" starttime="20201227 09:08:19.259" endtime="20201227 09:08:19.260"></status>
</kw>
<status status="PASS" starttime="20201227 09:08:12.419" endtime="20201227 09:08:19.260"></status>
</kw>
<kw name="Sort items by price in accending order" library="ProductPage">
<kw name="Select From List By Value" library="SeleniumLibrary">
<doc>Selects options from selection list ``locator`` by ``values``.</doc>
<arguments>
<arg>${SortList}</arg>
<arg>hilo</arg>
</arguments>
<msg timestamp="20201227 09:08:19.261" level="INFO">Selecting options from selection list '//div[@id='inventory_filter_container']/select' by value hilo.</msg>
<status status="PASS" starttime="20201227 09:08:19.261" endtime="20201227 09:08:19.371"></status>
</kw>
<kw name="Log To Console" library="BuiltIn">
<doc>Logs the given message to the console.</doc>
<arguments>
<arg>products are sorted in accending order by price</arg>
</arguments>
<status status="PASS" starttime="20201227 09:08:19.371" endtime="20201227 09:08:19.378"></status>
</kw>
<status status="PASS" starttime="20201227 09:08:19.260" endtime="20201227 09:08:19.378"></status>
</kw>
<kw name="select the product and add to cart" library="ProductPage">
<kw name="Replace String" library="String">
<doc>Replaces ``search_for`` in the given ``string`` with ``replace_with``.</doc>
<arguments>
<arg>${ProdcuctLink}</arg>
<arg>PLACEHOLDER_CHANGE_ME</arg>
<arg>${PRODUCT_NAME}</arg>
</arguments>
<assign>
<var>${ActualProductLink}</var>
</assign>
<msg timestamp="20201227 09:08:19.380" level="INFO">${ActualProductLink} = //div[text()='Sauce Labs Onesie']/ancestor::div[@class='inventory_item_label']/following-sibling::div//button</msg>
<status status="PASS" starttime="20201227 09:08:19.380" endtime="20201227 09:08:19.380"></status>
</kw>
<kw name="Log To Console" library="BuiltIn">
<doc>Logs the given message to the console.</doc>
<arguments>
<arg>product to be purchased is ${PRODUCT_NAME}</arg>
</arguments>
<status status="PASS" starttime="20201227 09:08:19.381" endtime="20201227 09:08:19.381"></status>
</kw>
<kw name="Get item price" library="ProductPage">
<kw name="Replace String" library="String">
<doc>Replaces ``search_for`` in the given ``string`` with ``replace_with``.</doc>
<arguments>
<arg>${ProdcuctPriceText}</arg>
<arg>PLACEHOLDER_CHANGE_ME</arg>
<arg>${PRODUCT_NAME}</arg>
</arguments>
<assign>
<var>${ActualProdcuctPriceText}</var>
</assign>
<msg timestamp="20201227 09:08:19.385" level="INFO">${ActualProdcuctPriceText} = //div[text()='Sauce Labs Onesie']/ancestor::div[@class='inventory_item_label']/following-sibling::div/div</msg>
<status status="PASS" starttime="20201227 09:08:19.383" endtime="20201227 09:08:19.385"></status>
</kw>
<kw name="Get Text" library="SeleniumLibrary">
<doc>Returns the text value of the element identified by ``locator``.</doc>
<arguments>
<arg>${ActualProdcuctPriceText}</arg>
</arguments>
<assign>
<var>${PRICE}</var>
</assign>
<msg timestamp="20201227 09:08:19.422" level="INFO">${PRICE} = $7.99</msg>
<status status="PASS" starttime="20201227 09:08:19.385" endtime="20201227 09:08:19.423"></status>
</kw>
<kw name="Set Global Variable" library="BuiltIn">
<doc>Makes a variable available globally in all tests and suites.</doc>
<arguments>
<arg>${PRICE}</arg>
</arguments>
<msg timestamp="20201227 09:08:19.424" level="INFO">${7.99} = 7.99</msg>
<status status="PASS" starttime="20201227 09:08:19.423" endtime="20201227 09:08:19.424"></status>
</kw>
<kw name="Log To Console" library="BuiltIn">
<doc>Logs the given message to the console.</doc>
<arguments>
<arg>price of ${PRODUCT_NAME} is ${PRICE}</arg>
</arguments>
<status status="PASS" starttime="20201227 09:08:19.424" endtime="20201227 09:08:19.425"></status>
</kw>
<status status="PASS" starttime="20201227 09:08:19.382" endtime="20201227 09:08:19.425"></status>
</kw>
<kw name="Scroll Element Into View" library="SeleniumLibrary">
<doc>Scrolls the element identified by ``locator`` into view.</doc>
<arguments>
<arg>${ActualProductLink}</arg>
</arguments>
<status status="PASS" starttime="20201227 09:08:19.425" endtime="20201227 09:08:19.707"></status>
</kw>
<kw name="Click Element" library="SeleniumLibrary">
<doc>Click the element identified by ``locator``.</doc>
<arguments>
<arg>${ActualProductLink}</arg>
</arguments>
<msg timestamp="20201227 09:08:19.708" level="INFO">Clicking element '//div[text()='Sauce Labs Onesie']/ancestor::div[@class='inventory_item_label']/following-sibling::div//button'.</msg>
<status status="PASS" starttime="20201227 09:08:19.708" endtime="20201227 09:08:19.830"></status>
</kw>
<kw name="Log To Console" library="BuiltIn">
<doc>Logs the given message to the console.</doc>
<arguments>
<arg>product added to cart</arg>
</arguments>
<status status="PASS" starttime="20201227 09:08:19.830" endtime="20201227 09:08:19.831"></status>
</kw>
<status status="PASS" starttime="20201227 09:08:19.379" endtime="20201227 09:08:19.832"></status>
</kw>
<kw name="Open Cart" library="ProductPage">
<kw name="Scroll Element Into View" library="SeleniumLibrary">
<doc>Scrolls the element identified by ``locator`` into view.</doc>
<arguments>
<arg>${CartLink}</arg>
</arguments>
<status status="PASS" starttime="20201227 09:08:19.833" endtime="20201227 09:08:20.151"></status>
</kw>
<kw name="Click Element" library="SeleniumLibrary">
<doc>Click the element identified by ``locator``.</doc>
<arguments>
<arg>${CartLink}</arg>
</arguments>
<msg timestamp="20201227 09:08:20.151" level="INFO">Clicking element '//div[@id='shopping_cart_container']/a'.</msg>
<status status="PASS" starttime="20201227 09:08:20.151" endtime="20201227 09:08:21.623"></status>
</kw>
<kw name="Log To Console" library="BuiltIn">
<doc>Logs the given message to the console.</doc>
<arguments>
<arg>opening cart</arg>
</arguments>
<status status="PASS" starttime="20201227 09:08:21.624" endtime="20201227 09:08:21.625"></status>
</kw>
<kw name="verify Cart is loaded" library="CartPage">
<kw name="Wait Until Page Contains Element" library="SeleniumLibrary">
<doc>Waits until the element ``locator`` appears on the current page.</doc>
<arguments>
<arg>${YourCartText}</arg>
<arg>${DURATION_S}</arg>
</arguments>
<status status="PASS" starttime="20201227 09:08:21.626" endtime="20201227 09:08:21.648"></status>
</kw>
<kw name="Page Should Contain Element" library="SeleniumLibrary">
<doc>Verifies that element ``locator`` is found on the current page.</doc>
<arguments>
<arg>${ContinueShoppinglink}</arg>
</arguments>
<msg timestamp="20201227 09:08:21.666" level="INFO">Current page contains element '//a[@class='btn_secondary']'.</msg>
<status status="PASS" starttime="20201227 09:08:21.648" endtime="20201227 09:08:21.666"></status>
</kw>
<kw name="Log To Console" library="BuiltIn">
<doc>Logs the given message to the console.</doc>
<arguments>
<arg>cart is loaded</arg>
</arguments>
<status status="PASS" starttime="20201227 09:08:21.666" endtime="20201227 09:08:21.667"></status>
</kw>
<status status="PASS" starttime="20201227 09:08:21.625" endtime="20201227 09:08:21.667"></status>
</kw>
<status status="PASS" starttime="20201227 09:08:19.832" endtime="20201227 09:08:21.667"></status>
</kw>
<kw name="verify name and price of Item added to cart" library="CartPage">
<kw name="Element Text Should Be" library="SeleniumLibrary">
<doc>Verifies that element ``locator`` contains exact the text ``expected``.</doc>
<arguments>
<arg>${ItemNameText}</arg>
<arg>${PRODUCT_NAME}</arg>
</arguments>
<msg timestamp="20201227 09:08:21.668" level="INFO">Verifying element '//a[contains(@id,'_title_link')]/div' contains exact text 'Sauce Labs Onesie'.</msg>
<status status="PASS" starttime="20201227 09:08:21.668" endtime="20201227 09:08:21.699"></status>
</kw>
<kw name="Log To Console" library="BuiltIn">
<doc>Logs the given message to the console.</doc>
<arguments>
<arg>the product added is ${PRODUCT_NAME}</arg>
</arguments>
<status status="PASS" starttime="20201227 09:08:21.699" endtime="20201227 09:08:21.700"></status>
</kw>
<kw name="Log To Console" library="BuiltIn">
<doc>Logs the given message to the console.</doc>
<arguments>
<arg>the price of product from product page is ${PRICE}</arg>
</arguments>
<status status="PASS" starttime="20201227 09:08:21.700" endtime="20201227 09:08:21.701"></status>
</kw>
<kw name="Get Text" library="SeleniumLibrary">
<doc>Returns the text value of the element identified by ``locator``.</doc>
<arguments>
<arg>${ItemPriceText}</arg>
</arguments>
<assign>
<var>${cartprice}</var>
</assign>
<msg timestamp="20201227 09:08:21.727" level="INFO">${cartprice} = 7.99</msg>
<status status="PASS" starttime="20201227 09:08:21.701" endtime="20201227 09:08:21.727"></status>
</kw>
<kw name="Log To Console" library="BuiltIn">
<doc>Logs the given message to the console.</doc>
<arguments>
<arg>price in cart is</arg>
<arg>${ItemPriceText}</arg>
</arguments>
<status status="PASS" starttime="20201227 09:08:21.727" endtime="20201227 09:08:21.727"></status>
</kw>
<status status="PASS" starttime="20201227 09:08:21.667" endtime="20201227 09:08:21.728"></status>
</kw>
<kw name="move to product checkout" library="CartPage">
<kw name="Click Element" library="SeleniumLibrary">
<doc>Click the element identified by ``locator``.</doc>
<arguments>
<arg>${CheckOutLink}</arg>
</arguments>
<msg timestamp="20201227 09:08:21.729" level="INFO">Clicking element '//a[text()='CHECKOUT']'.</msg>
<status status="PASS" starttime="20201227 09:08:21.728" endtime="20201227 09:08:22.573"></status>
</kw>
<kw name="Verify checkout page is loaded" library="CheckoutPage">
<kw name="Wait Until Page Contains Element" library="SeleniumLibrary">
<doc>Waits until the element ``locator`` appears on the current page.</doc>
<arguments>
<arg>${CheckOutText}</arg>
<arg>${DURATION_S}</arg>
</arguments>
<status status="PASS" starttime="20201227 09:08:22.575" endtime="20201227 09:08:22.597"></status>
</kw>
<kw name="Log To Console" library="BuiltIn">
<doc>Logs the given message to the console.</doc>
<arguments>
<arg>check out page is loaded</arg>
</arguments>
<status status="PASS" starttime="20201227 09:08:22.597" endtime="20201227 09:08:22.597"></status>
</kw>
<status status="PASS" starttime="20201227 09:08:22.574" endtime="20201227 09:08:22.598"></status>
</kw>
<status status="PASS" starttime="20201227 09:08:21.728" endtime="20201227 09:08:22.598"></status>
</kw>
<kw name="fill in details for check out" library="CheckoutPage">
<kw name="Enter Text [Custom]" library="Common">
<arguments>
<arg>${FirstNameTextbox}</arg>
<arg>${USERNAME}</arg>
</arguments>
<kw name="Clear Element Text" library="SeleniumLibrary">
<doc>Clears the value of the text-input-element identified by ``locator``.</doc>
<arguments>
<arg>${element}</arg>
</arguments>
<status status="PASS" starttime="20201227 09:08:22.599" endtime="20201227 09:08:22.657"></status>
</kw>
<kw name="Input Text" library="SeleniumLibrary">
<doc>Types the given ``text`` into the text field identified by ``locator``.</doc>
<arguments>
<arg>${element}</arg>
<arg>${text}</arg>
</arguments>
<msg timestamp="20201227 09:08:22.657" level="INFO">Typing text 'standard_user' into text field 'id:first-name'.</msg>
<status status="PASS" starttime="20201227 09:08:22.657" endtime="20201227 09:08:22.787"></status>
</kw>
<status status="PASS" starttime="20201227 09:08:22.598" endtime="20201227 09:08:22.787"></status>
</kw>
<kw name="Log To Console" library="BuiltIn">
<doc>Logs the given message to the console.</doc>
<arguments>
<arg>first name entered</arg>
</arguments>
<status status="PASS" starttime="20201227 09:08:22.787" endtime="20201227 09:08:22.788"></status>
</kw>
<kw name="Enter Text [Custom]" library="Common">
<arguments>
<arg>${LastName TextBox}</arg>
<arg>demo</arg>
</arguments>
<kw name="Clear Element Text" library="SeleniumLibrary">
<doc>Clears the value of the text-input-element identified by ``locator``.</doc>
<arguments>
<arg>${element}</arg>
</arguments>
<status status="PASS" starttime="20201227 09:08:22.789" endtime="20201227 09:08:22.841"></status>
</kw>
<kw name="Input Text" library="SeleniumLibrary">
<doc>Types the given ``text`` into the text field identified by ``locator``.</doc>
<arguments>
<arg>${element}</arg>
<arg>${text}</arg>
</arguments>
<msg timestamp="20201227 09:08:22.842" level="INFO">Typing text 'demo' into text field 'id:last-name'.</msg>
<status status="PASS" starttime="20201227 09:08:22.842" endtime="20201227 09:08:22.927"></status>
</kw>
<status status="PASS" starttime="20201227 09:08:22.788" endtime="20201227 09:08:22.927"></status>
</kw>
<kw name="Log To Console" library="BuiltIn">
<doc>Logs the given message to the console.</doc>
<arguments>
<arg>last name enetered</arg>
</arguments>
<status status="PASS" starttime="20201227 09:08:22.927" endtime="20201227 09:08:22.928"></status>
</kw>
<kw name="Enter Text [Custom]" library="Common">
<arguments>
<arg>${ZipCodeTextBox}</arg>
<arg>670888</arg>
</arguments>
<kw name="Clear Element Text" library="SeleniumLibrary">
<doc>Clears the value of the text-input-element identified by ``locator``.</doc>
<arguments>
<arg>${element}</arg>
</arguments>
<status status="PASS" starttime="20201227 09:08:22.929" endtime="20201227 09:08:22.982"></status>
</kw>
<kw name="Input Text" library="SeleniumLibrary">
<doc>Types the given ``text`` into the text field identified by ``locator``.</doc>
<arguments>
<arg>${element}</arg>
<arg>${text}</arg>
</arguments>
<msg timestamp="20201227 09:08:22.983" level="INFO">Typing text '670888' into text field 'id:postal-code'.</msg>
<status status="PASS" starttime="20201227 09:08:22.983" endtime="20201227 09:08:23.077"></status>
</kw>
<status status="PASS" starttime="20201227 09:08:22.928" endtime="20201227 09:08:23.077"></status>
</kw>
<kw name="Log To Console" library="BuiltIn">
<doc>Logs the given message to the console.</doc>
<arguments>
<arg>zip code entered</arg>
</arguments>
<status status="PASS" starttime="20201227 09:08:23.077" endtime="20201227 09:08:23.078"></status>
</kw>
<status status="PASS" starttime="20201227 09:08:22.598" endtime="20201227 09:08:23.078"></status>
</kw>
<kw name="Continue to review purchase items" library="CheckoutPage">
<kw name="Click Element" library="SeleniumLibrary">
<doc>Click the element identified by ``locator``.</doc>
<arguments>
<arg>${Continuelink}</arg>
</arguments>
<msg timestamp="20201227 09:08:23.080" level="INFO">Clicking element '//input[@value='CONTINUE']'.</msg>
<status status="PASS" starttime="20201227 09:08:23.079" endtime="20201227 09:08:23.939"></status>
</kw>
<kw name="Log To Console" library="BuiltIn">
<doc>Logs the given message to the console.</doc>
<arguments>
<arg>moving to review page</arg>
</arguments>
<status status="PASS" starttime="20201227 09:08:23.940" endtime="20201227 09:08:23.941"></status>
</kw>
<kw name="verifiy overview page is loaded" library="OverviewPage">
<kw name="Wait Until Page Contains Element" library="SeleniumLibrary">
<doc>Waits until the element ``locator`` appears on the current page.</doc>
<arguments>
<arg>${OverViewtext}</arg>
<arg>${DURATION_S}</arg>
</arguments>
<status status="PASS" starttime="20201227 09:08:23.944" endtime="20201227 09:08:23.959"></status>
</kw>
<kw name="Log To Console" library="BuiltIn">
<doc>Logs the given message to the console.</doc>
<arguments>
<arg>overview</arg>
<arg>page is loaded</arg>
</arguments>
<status status="PASS" starttime="20201227 09:08:23.960" endtime="20201227 09:08:23.960"></status>
</kw>
<status status="PASS" starttime="20201227 09:08:23.942" endtime="20201227 09:08:23.960"></status>
</kw>
<status status="PASS" starttime="20201227 09:08:23.079" endtime="20201227 09:08:23.960"></status>
</kw>
<kw name="finish puchase" library="OverviewPage">
<kw name="Click Element" library="SeleniumLibrary">
<doc>Click the element identified by ``locator``.</doc>
<arguments>
<arg>${FinishLink}</arg>
</arguments>
<msg timestamp="20201227 09:08:23.961" level="INFO">Clicking element '//a[text()='FINISH']'.</msg>
<status status="PASS" starttime="20201227 09:08:23.961" endtime="20201227 09:08:24.843"></status>
</kw>
<kw name="Log To Console" library="BuiltIn">
<doc>Logs the given message to the console.</doc>
<arguments>
<arg>purchase confirmed</arg>
</arguments>
<status status="PASS" starttime="20201227 09:08:24.844" endtime="20201227 09:08:24.845"></status>
</kw>
<kw name="verifiy confirmation page is loaded" library="ConfirmationPage">
<kw name="Wait Until Page Contains Element" library="SeleniumLibrary">
<doc>Waits until the element ``locator`` appears on the current page.</doc>
<arguments>
<arg>${OverViewtext}</arg>
<arg>${DURATION_S}</arg>
</arguments>
<status status="PASS" starttime="20201227 09:08:24.851" endtime="20201227 09:08:24.865"></status>
</kw>
<kw name="Log To Console" library="BuiltIn">
<doc>Logs the given message to the console.</doc>
<arguments>
<arg>confirmation page is loaded</arg>
</arguments>
<status status="PASS" starttime="20201227 09:08:24.865" endtime="20201227 09:08:24.866"></status>
</kw>
<status status="PASS" starttime="20201227 09:08:24.847" endtime="20201227 09:08:24.866"></status>
</kw>
<status status="PASS" starttime="20201227 09:08:23.961" endtime="20201227 09:08:24.866"></status>
</kw>
<kw name="confirm purchase" library="ConfirmationPage">
<kw name="Element Text Should Be" library="SeleniumLibrary">
<doc>Verifies that element ``locator`` contains exact the text ``expected``.</doc>
<arguments>
<arg>${Confirmationtext}</arg>
<arg>THANK YOU FOR YOUR ORDER</arg>
</arguments>
<msg timestamp="20201227 09:08:24.868" level="INFO">Verifying element '//div[@id='checkout_complete_container']/h2' contains exact text 'THANK YOU FOR YOUR ORDER'.</msg>
<status status="PASS" starttime="20201227 09:08:24.867" endtime="20201227 09:08:24.900"></status>
</kw>
<kw name="Log To Console" library="BuiltIn">
<doc>Logs the given message to the console.</doc>
<arguments>
<arg>product purchase is complete</arg>
</arguments>
<status status="PASS" starttime="20201227 09:08:24.900" endtime="20201227 09:08:24.901"></status>
</kw>
<status status="PASS" starttime="20201227 09:08:24.867" endtime="20201227 09:08:24.901"></status>
</kw>
<kw name="Close All Browsers" library="SeleniumLibrary" type="teardown">
<doc>Closes all open browsers and resets the browser cache.</doc>
<status status="PASS" starttime="20201227 09:08:24.901" endtime="20201227 09:08:27.167"></status>
</kw>
<tags>
<tag>REG</tag>
<tag>SANITY</tag>
</tags>
<status status="PASS" starttime="20201227 09:08:06.543" endtime="20201227 09:08:27.167" critical="yes"></status>
</test>
<status status="PASS" starttime="20201227 09:08:06.102" endtime="20201227 09:08:27.171"></status>
</suite>
<status status="PASS" starttime="20201227 09:08:06.058" endtime="20201227 09:08:27.183"></status>
</suite>
<statistics>
<total>
<stat pass="1" fail="0">Critical Tests</stat>
<stat pass="1" fail="0">All Tests</stat>
</total>
<tag>
<stat pass="1" fail="0">REG</stat>
<stat pass="1" fail="0">SANITY</stat>
</tag>
<suite>
<stat pass="1" fail="0" id="s1" name="Tests">Tests</stat>
<stat pass="1" fail="0" id="s1-s1" name="PurchaseTest">Tests.PurchaseTest</stat>
</suite>
</statistics>
<errors>
</errors>
</robot>
