<?xml version="1.0" encoding="UTF-8"?>
<robot generator="Robot 3.2.2 (Python 3.7.4 on win32)" generated="20201227 09:32:43.543" rpa="false">
<suite id="s1" name="Tests" source="C:\Users\Anand.INFRRDAD\PycharmProjects\SWAGLABS-Automation\Auto-Scripts\Tests">
<suite id="s1-s1" name="LoginTest" source="C:\Users\Anand.INFRRDAD\PycharmProjects\SWAGLABS-Automation\Auto-Scripts\Tests\LoginTest.robot">
<kw name="Navigate To LoginScreen" type="setup">
<msg timestamp="20201227 09:32:43.605" level="FAIL">No keyword with name 'Navigate To LoginScreen' found.</msg>
<status status="FAIL" starttime="20201227 09:32:43.605" endtime="20201227 09:32:43.605"></status>
</kw>
<test id="s1-s1-t1" name="TC-1: verify User can Login">
<tags>
<tag>REG</tag>
<tag>SANITY</tag>
</tags>
<status status="FAIL" starttime="20201227 09:32:43.606" endtime="20201227 09:32:43.607" critical="yes">Parent suite setup failed:
No keyword with name 'Navigate To LoginScreen' found.</status>
</test>
<test id="s1-s1-t2" name="TC-2 verify user can logout">
<tags>
<tag>REG</tag>
<tag>SANITY</tag>
</tags>
<status status="FAIL" starttime="20201227 09:32:43.607" endtime="20201227 09:32:43.608" critical="yes">Parent suite setup failed:
No keyword with name 'Navigate To LoginScreen' found.</status>
</test>
<kw name="CLOSE ALL BROWSERS" type="teardown">
<msg timestamp="20201227 09:32:43.611" level="FAIL">No keyword with name 'CLOSE ALL BROWSERS' found.</msg>
<status status="FAIL" starttime="20201227 09:32:43.611" endtime="20201227 09:32:43.611">No keyword with name 'CLOSE ALL BROWSERS' found.</status>
</kw>
<status status="FAIL" starttime="20201227 09:32:43.590" endtime="20201227 09:32:43.612">Suite setup failed:
No keyword with name 'Navigate To LoginScreen' found.

Also suite teardown failed:
No keyword with name 'CLOSE ALL BROWSERS' found.</status>
</suite>
<status status="FAIL" starttime="20201227 09:32:43.547" endtime="20201227 09:32:43.613"></status>
</suite>
<statistics>
<total>
<stat pass="0" fail="2">Critical Tests</stat>
<stat pass="0" fail="2">All Tests</stat>
</total>
<tag>
<stat pass="0" fail="2">REG</stat>
<stat pass="0" fail="2">SANITY</stat>
</tag>
<suite>
<stat pass="0" fail="2" id="s1" name="Tests">Tests</stat>
<stat pass="0" fail="2" id="s1-s1" name="LoginTest">Tests.LoginTest</stat>
</suite>
</statistics>
<errors>
<msg timestamp="20201227 09:32:43.596" level="ERROR">Error in file 'C:\Users\Anand.INFRRDAD\PycharmProjects\SWAGLABS-Automation\Auto-Scripts\Tests\LoginTest.robot' on line 2: Resource file '..\Auto-Keywords\Assets\RobotImports\Import_Global.robot' does not exist.</msg>
</errors>
</robot>
